<?xml version="1.0" encoding="UTF-8"?>
<!-- Generated by org.testng.reporters.JUnitReportReporter -->
<testsuite hostname="ITWS60" failures="0" tests="4" name="cse.UserValidationnTest" time="0.020" errors="0" timestamp="2023-11-04T10:51:58 IST" skipped="0">
  <testcase classname="cse.UserValidationnTest" name="testcase3" time="0.000"/>
  <testcase classname="cse.UserValidationnTest" name="testcase2" time="0.000"/>
  <testcase classname="cse.UserValidationnTest" name="testcase1" time="0.020"/>
  <testcase classname="cse.UserValidationnTest" name="testcase4" time="0.000"/>
</testsuite> <!-- cse.UserValidationnTest -->
